<?xml version="1.0" encoding="UTF-8"?>
<!-- Generated by org.testng.reporters.JUnitReportReporter -->
<testsuite skipped="0" hostname="LTPRENTAL87" name="Resonace.Test.TravelTest" tests="1" failures="0" timestamp="2022-01-20T18:15:04 IST" time="213.662" errors="0">
  <testcase name="VerifySearchforshoes" time="213.662" classname="Resonace.Test.TravelTest"/>
  <system-out/>
</testsuite> <!-- Resonace.Test.TravelTest -->
